<?xml version="1.0" encoding="UTF-8"?>
<!-- Generated by org.testng.reporters.JUnitReportReporter -->
<testsuite hostname="DESKTOP-91EK8ID" name="runners.Runner" tests="1" failures="0" timestamp="2 Jun 2018 19:36:12 GMT" time="104.396" errors="0">
  <testcase name="feature" time="104.396" classname="runners.Runner"/>
</testsuite> <!-- runners.Runner -->
